Arguments: 
  /home/hacker/.nvm/versions/node/v16.15.0/bin/node /home/hacker/.yarn/bin/yarn.js install

PATH: 
  /home/hacker/.yarn/bin:/home/hacker/.config/yarn/global/node_modules/.bin:/home/hacker/.rbenv/shims:/home/hacker/.rbenv/bin:/home/hacker/.nvm/versions/node/v16.15.0/bin:/home/hacker/.local/bin:/usr/local/sbin:/usr/sbin:/sbin:/usr/local/bin:/usr/bin:/bin:/usr/local/games:/usr/games:/snap/bin:/home/hacker/.dotnet/tools:/home/hacker/.gecko/

Yarn version: 
  1.22.5

Node version: 
  16.15.0

Platform: 
  linux x64

Trace: 
  SyntaxError: /home/hacker/Downloads/ship/battleship-main/package.json: Unexpected token } in JSON at position 994
      at JSON.parse (<anonymous>)
      at /home/hacker/.yarn/lib/cli.js:1625:59
      at Generator.next (<anonymous>)
      at step (/home/hacker/.yarn/lib/cli.js:310:30)
      at /home/hacker/.yarn/lib/cli.js:321:13

npm manifest: 
  {
    "name": "battleship",
    "version": "0.1.0",
    "private": true,
    "dependencies": {
      "@fortawesome/fontawesome-svg-core": "^1.3.0",
      "@fortawesome/free-regular-svg-icons": "^6.0.0",
      "@fortawesome/free-solid-svg-icons": "^6.0.0",
      "@fortawesome/react-fontawesome": "^0.1.17",
      "moment": "^2.29.1",
      "react": "^16.13.1",
      "react-dom": "^16.13.1",
      "react-scripts": "3.4.1",
      "socket.io": "4",
      "socket.io-client": "4"
    },
    "scripts": {
      "start": "react-scripts start",
      "start-server": "nodemon -L server.js",
      "build": "react-scripts build",
      "test": "react-scripts test",
      "eject": "react-scripts eject"
    },
    "eslintConfig": {
      "extends": "react-app"
    },
    "browserslist": {
      "production": [
        ">0.2%",
        "not dead",
        "not op_mini all"
      ],
      "development": [
        "last 1 chrome version",
        "last 1 firefox version",
        "last 1 safari version"
      ]
    },
    "devDependencies": {
      "nodemon": "^2.0.15"
    },
  }

yarn manifest: 
  No manifest

Lockfile: 
  No lockfile
